c:\users\asus\coding\gdparcm\que-gdparcm\que-assetloader\x64\debug\vc143.pdb
c:\users\asus\coding\gdparcm\que-gdparcm\que-assetloader\x64\debug\vc143.idb
c:\users\asus\coding\gdparcm\que-gdparcm\que-assetloader\x64\debug\texturemanager.obj
c:\users\asus\coding\gdparcm\que-gdparcm\que-assetloader\x64\debug\texturedisplay.obj
c:\users\asus\coding\gdparcm\que-gdparcm\que-assetloader\x64\debug\stringutils.obj
c:\users\asus\coding\gdparcm\que-gdparcm\que-assetloader\x64\debug\main.obj
c:\users\asus\coding\gdparcm\que-gdparcm\que-assetloader\x64\debug\ietthread.obj
c:\users\asus\coding\gdparcm\que-gdparcm\que-assetloader\x64\debug\iconobject.obj
c:\users\asus\coding\gdparcm\que-gdparcm\que-assetloader\x64\debug\gameobjectmanager.obj
c:\users\asus\coding\gdparcm\que-gdparcm\que-assetloader\x64\debug\fpscounter.obj
c:\users\asus\coding\gdparcm\que-gdparcm\que-assetloader\x64\debug\bgobject.obj
c:\users\asus\coding\gdparcm\que-gdparcm\que-assetloader\x64\debug\appwindow.obj
c:\users\asus\coding\gdparcm\que-gdparcm\que-assetloader\x64\debug\agameobject.obj
c:\users\asus\coding\gdparcm\que-gdparcm\x64\debug\que-assetloader.exe
c:\users\asus\coding\gdparcm\que-gdparcm\x64\debug\que-assetloader.pdb
c:\users\asus\coding\gdparcm\que-gdparcm\que-assetloader\x64\debug\que-assetloader.ilk
c:\users\asus\coding\gdparcm\que-gdparcm\que-assetloader\x64\debug\que-assetloader.tlog\cl.command.1.tlog
c:\users\asus\coding\gdparcm\que-gdparcm\que-assetloader\x64\debug\que-assetloader.tlog\cl.items.tlog
c:\users\asus\coding\gdparcm\que-gdparcm\que-assetloader\x64\debug\que-assetloader.tlog\cl.read.1.tlog
c:\users\asus\coding\gdparcm\que-gdparcm\que-assetloader\x64\debug\que-assetloader.tlog\cl.write.1.tlog
c:\users\asus\coding\gdparcm\que-gdparcm\que-assetloader\x64\debug\que-assetloader.tlog\link.command.1.tlog
c:\users\asus\coding\gdparcm\que-gdparcm\que-assetloader\x64\debug\que-assetloader.tlog\link.read.1.tlog
c:\users\asus\coding\gdparcm\que-gdparcm\que-assetloader\x64\debug\que-assetloader.tlog\link.secondary.1.tlog
c:\users\asus\coding\gdparcm\que-gdparcm\que-assetloader\x64\debug\que-assetloader.tlog\link.write.1.tlog
