c:\users\asus\coding\gdparcm\que-gdparcm\que-barrageofthreads\x64\debug\vc143.pdb
c:\users\asus\coding\gdparcm\que-gdparcm\que-barrageofthreads\x64\debug\vc143.idb
c:\users\asus\coding\gdparcm\que-gdparcm\que-barrageofthreads\x64\debug\texturemanager.obj
c:\users\asus\coding\gdparcm\que-gdparcm\que-barrageofthreads\x64\debug\texturedisplay.obj
c:\users\asus\coding\gdparcm\que-gdparcm\que-barrageofthreads\x64\debug\stringutils.obj
c:\users\asus\coding\gdparcm\que-gdparcm\que-barrageofthreads\x64\debug\streamassetloader.obj
c:\users\asus\coding\gdparcm\que-gdparcm\que-barrageofthreads\x64\debug\main.obj
c:\users\asus\coding\gdparcm\que-gdparcm\que-barrageofthreads\x64\debug\iexecutionevent.obj
c:\users\asus\coding\gdparcm\que-gdparcm\que-barrageofthreads\x64\debug\ietthread.obj
c:\users\asus\coding\gdparcm\que-gdparcm\que-barrageofthreads\x64\debug\iconobject.obj
c:\users\asus\coding\gdparcm\que-gdparcm\que-barrageofthreads\x64\debug\gameobjectmanager.obj
c:\users\asus\coding\gdparcm\que-gdparcm\que-barrageofthreads\x64\debug\fpscounter.obj
c:\users\asus\coding\gdparcm\que-gdparcm\que-barrageofthreads\x64\debug\bgobject.obj
c:\users\asus\coding\gdparcm\que-gdparcm\que-barrageofthreads\x64\debug\baserunner.obj
c:\users\asus\coding\gdparcm\que-gdparcm\que-barrageofthreads\x64\debug\agameobject.obj
c:\users\asus\coding\gdparcm\que-gdparcm\x64\debug\que-barrageofthreads.exe
c:\users\asus\coding\gdparcm\que-gdparcm\x64\debug\que-barrageofthreads.pdb
c:\users\asus\coding\gdparcm\que-gdparcm\que-barrageofthreads\x64\debug\que-barrageofthreads.ilk
c:\users\asus\coding\gdparcm\que-gdparcm\que-barrageofthreads\x64\debug\que-barr.58e43bd8.tlog\cl.command.1.tlog
c:\users\asus\coding\gdparcm\que-gdparcm\que-barrageofthreads\x64\debug\que-barr.58e43bd8.tlog\cl.items.tlog
c:\users\asus\coding\gdparcm\que-gdparcm\que-barrageofthreads\x64\debug\que-barr.58e43bd8.tlog\cl.read.1.tlog
c:\users\asus\coding\gdparcm\que-gdparcm\que-barrageofthreads\x64\debug\que-barr.58e43bd8.tlog\cl.write.1.tlog
c:\users\asus\coding\gdparcm\que-gdparcm\que-barrageofthreads\x64\debug\que-barr.58e43bd8.tlog\link.command.1.tlog
c:\users\asus\coding\gdparcm\que-gdparcm\que-barrageofthreads\x64\debug\que-barr.58e43bd8.tlog\link.read.1.tlog
c:\users\asus\coding\gdparcm\que-gdparcm\que-barrageofthreads\x64\debug\que-barr.58e43bd8.tlog\link.secondary.1.tlog
c:\users\asus\coding\gdparcm\que-gdparcm\que-barrageofthreads\x64\debug\que-barr.58e43bd8.tlog\link.write.1.tlog
