c:\users\asus\coding\gdparcm\que-gdparcm\que-raytracinginoneweekend\x64\debug\vc143.pdb
c:\users\asus\coding\gdparcm\que-gdparcm\que-raytracinginoneweekend\x64\debug\vc143.idb
c:\users\asus\coding\gdparcm\que-gdparcm\que-raytracinginoneweekend\x64\debug\vec3.obj
c:\users\asus\coding\gdparcm\que-gdparcm\que-raytracinginoneweekend\x64\debug\utils.obj
c:\users\asus\coding\gdparcm\que-gdparcm\que-raytracinginoneweekend\x64\debug\sphere.obj
c:\users\asus\coding\gdparcm\que-gdparcm\que-raytracinginoneweekend\x64\debug\ray.obj
c:\users\asus\coding\gdparcm\que-gdparcm\que-raytracinginoneweekend\x64\debug\metalmat.obj
c:\users\asus\coding\gdparcm\que-gdparcm\que-raytracinginoneweekend\x64\debug\material.obj
c:\users\asus\coding\gdparcm\que-gdparcm\que-raytracinginoneweekend\x64\debug\imagesaver.obj
c:\users\asus\coding\gdparcm\que-gdparcm\que-raytracinginoneweekend\x64\debug\main.obj
c:\users\asus\coding\gdparcm\que-gdparcm\que-raytracinginoneweekend\x64\debug\lambertianmat.obj
c:\users\asus\coding\gdparcm\que-gdparcm\que-raytracinginoneweekend\x64\debug\interval.obj
c:\users\asus\coding\gdparcm\que-gdparcm\que-raytracinginoneweekend\x64\debug\hittablelist.obj
c:\users\asus\coding\gdparcm\que-gdparcm\que-raytracinginoneweekend\x64\debug\hitrecord.obj
c:\users\asus\coding\gdparcm\que-gdparcm\que-raytracinginoneweekend\x64\debug\dielectricmat.obj
c:\users\asus\coding\gdparcm\que-gdparcm\que-raytracinginoneweekend\x64\debug\color.obj
c:\users\asus\coding\gdparcm\que-gdparcm\x64\debug\que-raytracinginoneweekend.exe
c:\users\asus\coding\gdparcm\que-gdparcm\x64\debug\que-raytracinginoneweekend.pdb
c:\users\asus\coding\gdparcm\que-gdparcm\que-raytracinginoneweekend\x64\debug\que-raytracinginoneweekend.ilk
c:\users\asus\coding\gdparcm\que-gdparcm\que-raytracinginoneweekend\x64\debug\que-rayt.44a9da14.tlog\cl.command.1.tlog
c:\users\asus\coding\gdparcm\que-gdparcm\que-raytracinginoneweekend\x64\debug\que-rayt.44a9da14.tlog\cl.items.tlog
c:\users\asus\coding\gdparcm\que-gdparcm\que-raytracinginoneweekend\x64\debug\que-rayt.44a9da14.tlog\cl.read.1.tlog
c:\users\asus\coding\gdparcm\que-gdparcm\que-raytracinginoneweekend\x64\debug\que-rayt.44a9da14.tlog\cl.write.1.tlog
c:\users\asus\coding\gdparcm\que-gdparcm\que-raytracinginoneweekend\x64\debug\que-rayt.44a9da14.tlog\link.command.1.tlog
c:\users\asus\coding\gdparcm\que-gdparcm\que-raytracinginoneweekend\x64\debug\que-rayt.44a9da14.tlog\link.read.1.tlog
c:\users\asus\coding\gdparcm\que-gdparcm\que-raytracinginoneweekend\x64\debug\que-rayt.44a9da14.tlog\link.secondary.1.tlog
c:\users\asus\coding\gdparcm\que-gdparcm\que-raytracinginoneweekend\x64\debug\que-rayt.44a9da14.tlog\link.write.1.tlog
